============================================================
  Generated by:           Genus(TM) Synthesis Solution 22.11-s104_1
  Generated on:           Dec 03 2025  07:16:19 pm
  Module:                 abr_top
  Library domain:         ss_100C_1v60.setup_cond
    Domain index:         0
    Technology libraries: sky130_ss_1.62_125 1.0
                          sram22_512x32m4w32 1.0
                          sram22_64x32m4w32 1.0
                          sram22_512x64m4w8 1.0
                          sram22_512x32m4w8 1.0
                          sram22_64x24m4w24 1.0
                          sram22_256x32m4w8 1.0
                          sram22_64x4m4w2 1.0
                          sram22_2048x32m8w8 1.0
                          sram22_1024x32m8w32 1.0
                          sram22_1024x32m8w8 1.0
                          sram22_64x32m4w8 1.0
  Operating conditions:   ss_1.62_125 
  Interconnect mode:      global
  Area mode:              physical library
============================================================

                                      Leakage                         Library 
   Gate    Instances      Area      Power (nW)         Library         Domain 
------------------------------------------------------------------------------
ADDFX1         26099    844949.905    54506.380    sky130_ss_1.62_125       0 
ADDHX1          6957    145738.019    19561.111    sky130_ss_1.62_125       0 
AND2X1          5676     54046.872     3936.731    sky130_ss_1.62_125       0 
AND2X2          1749     16653.978     2109.625    sky130_ss_1.62_125       0 
AND3X1            14       186.631       65.507    sky130_ss_1.62_125       0 
AND3X2          1518     17345.275     1895.497    sky130_ss_1.62_125       0 
AND4X1           403      5372.312     1260.000    sky130_ss_1.62_125       0 
AND4X2           195      2599.506      424.094    sky130_ss_1.62_125       0 
AOI211X1         337      3850.697       32.132    sky130_ss_1.62_125       0 
AOI211X2          20       380.880        4.880    sky130_ss_1.62_125       0 
AOI21X1         2540     24185.880      381.419    sky130_ss_1.62_125       0 
AOI21X2           74      1127.405       16.124    sky130_ss_1.62_125       0 
AOI221X1        3590     47857.572      107.365    sky130_ss_1.62_125       0 
AOI221X2          24       594.173        3.928    sky130_ss_1.62_125       0 
AOI222X1        5413     92776.655      150.033    sky130_ss_1.62_125       0 
AOI222X2          37      1056.942        5.882    sky130_ss_1.62_125       0 
AOI22X1        28520    325880.928      638.326    sky130_ss_1.62_125       0 
AOI22X2           96      1828.224        7.377    sky130_ss_1.62_125       0 
BUFX16          1936     73738.368    13972.334    sky130_ss_1.62_125       0 
BUFX2            862      8207.964     1044.738    sky130_ss_1.62_125       0 
BUFX4            708      8089.891     1100.750    sky130_ss_1.62_125       0 
BUFX8            121      2534.756      308.359    sky130_ss_1.62_125       0 
CLKAND2X2      45502    433270.044    52231.387    sky130_ss_1.62_125       0 
CLKBUFX2         126      1199.772      150.637    sky130_ss_1.62_125       0 
CLKBUFX4          35       399.924       65.537    sky130_ss_1.62_125       0 
CLKBUFX8         349      7310.992     1015.677    sky130_ss_1.62_125       0 
CLKINVX1       18198    103968.814     4639.531    sky130_ss_1.62_125       0 
CLKINVX2       16624     94976.237     6282.660    sky130_ss_1.62_125       0 
CLKINVX4         810      7712.820      875.199    sky130_ss_1.62_125       0 
CLKINVX8        4378     75037.169     8780.306    sky130_ss_1.62_125       0 
CLKMX2X2        1310     19958.112     2611.609    sky130_ss_1.62_125       0 
CLKXOR2X1      41594    554481.295    97759.825    sky130_ss_1.62_125       0 
DFFRX1        243228   9264068.064  1611590.069    sky130_ss_1.62_125       0 
DFFRX4           727     37381.468     5288.537    sky130_ss_1.62_125       0 
DFFSRX4            8       487.526       86.221    sky130_ss_1.62_125       0 
DFFSX1            20       761.760      131.297    sky130_ss_1.62_125       0 
DFFSX4             3       154.256       24.898    sky130_ss_1.62_125       0 
DFFX1             61      2091.031      402.239    sky130_ss_1.62_125       0 
DLY1X4             1        19.044        3.055    sky130_ss_1.62_125       0 
INVX1             14        79.985        1.083    sky130_ss_1.62_125       0 
INVX16          1656     53612.669     6635.571    sky130_ss_1.62_125       0 
INVX2           5471     31256.917     1803.871    sky130_ss_1.62_125       0 
INVX4           2798     26642.556     2718.734    sky130_ss_1.62_125       0 
INVX8            219      3753.572      543.597    sky130_ss_1.62_125       0 
MX2X1          48648    741162.010    73425.357    sky130_ss_1.62_125       0 
MX2X4             87      1656.828      286.926    sky130_ss_1.62_125       0 
MX4X1              7       213.293       31.067    sky130_ss_1.62_125       0 
NAND2X1        23711    180620.914     6333.375    sky130_ss_1.62_125       0 
NAND2X2         2772     26394.984     2085.970    sky130_ss_1.62_125       0 
NAND2X4         1316     22555.714     2332.435    sky130_ss_1.62_125       0 
NAND3X1         1083     10312.326      681.225    sky130_ss_1.62_125       0 
NAND3X2           70      1066.464      151.827    sky130_ss_1.62_125       0 
NAND3X4           23       613.217       62.350    sky130_ss_1.62_125       0 
NAND4X1         3319     37924.222     5836.228    sky130_ss_1.62_125       0 
NAND4X2           29       552.276       80.585    sky130_ss_1.62_125       0 
NAND4X4            2        68.558        9.321    sky130_ss_1.62_125       0 
NOR2X1        208746   1590143.530    33169.771    sky130_ss_1.62_125       0 
NOR2X2           394      4502.002      132.724    sky130_ss_1.62_125       0 
NOR2X4           165      2828.034      132.656    sky130_ss_1.62_125       0 
NOR3X1          1148     10931.256      103.412    sky130_ss_1.62_125       0 
NOR3X2            41       624.643       10.480    sky130_ss_1.62_125       0 
NOR3X4            10       266.616       12.990    sky130_ss_1.62_125       0 
NOR4X1           873      9975.247       58.128    sky130_ss_1.62_125       0 
NOR4X2            49       933.156       12.297    sky130_ss_1.62_125       0 
NOR4X4            11       377.071        8.282    sky130_ss_1.62_125       0 
OAI211X1         681      7781.378      551.090    sky130_ss_1.62_125       0 
OAI211X2          88      1675.872      170.065    sky130_ss_1.62_125       0 
OAI21X1         5936     56522.592     2582.933    sky130_ss_1.62_125       0 
OAI21X2          291      4433.443      309.995    sky130_ss_1.62_125       0 
OAI221X1        3253     43365.092     2138.557    sky130_ss_1.62_125       0 
OAI221X2          12       296.728       18.683    sky130_ss_1.62_125       0 
OAI222X1         843     12843.274      374.332    sky130_ss_1.62_125       0 
OAI222X2           1        28.566        0.704    sky130_ss_1.62_125       0 
OAI22X1        14409    164642.998     2429.366    sky130_ss_1.62_125       0 
OAI22X2           55      1047.420       61.394    sky130_ss_1.62_125       0 
OR2X1           3072     29251.584     3052.770    sky130_ss_1.62_125       0 
OR2X2           1029      9798.138     1188.658    sky130_ss_1.62_125       0 
OR3X1            294      3359.362      239.370    sky130_ss_1.62_125       0 
OR3X2             67       765.569       67.701    sky130_ss_1.62_125       0 
OR4X1            377      5025.712      254.126    sky130_ss_1.62_125       0 
OR4X2             83      1106.456       48.117    sky130_ss_1.62_125       0 
SDFFRX1         4867    231717.870    39276.558    sky130_ss_1.62_125       0 
SDFFRX4           35      2132.928      339.925    sky130_ss_1.62_125       0 
XNOR2X1         6829    104041.181    19436.113    sky130_ss_1.62_125       0 
XNOR2X2          271      4128.739      946.280    sky130_ss_1.62_125       0 
XNOR2X4          119      2719.483      127.235    sky130_ss_1.62_125       0 
XOR2X1             3        45.706        5.392    sky130_ss_1.62_125       0 
XOR2X2            41       624.643      142.442    sky130_ss_1.62_125       0 
XOR2X4            11       251.381       26.336    sky130_ss_1.62_125       0 
------------------------------------------------------------------------------
total         805192  15728955.334  2103919.683                       


                                               Leakage   Leakage 
     Type      Instances     Area     Area %  Power (nW) Power % 
-----------------------------------------------------------------
sequential        248949  9538794.904   60.6 1657139.746    78.8 
inverter           50168   397040.738    2.5   32280.551     1.5 
buffer              4138   101500.711    0.6   17661.088     0.8 
logic             501937  5691618.980   36.2  396838.299    18.9 
physical_cells         0        0.000    0.0       0.000     0.0 
-----------------------------------------------------------------
total             805192 15728955.334  100.0 2103919.683   100.0 

