

Working Directory = /scratch/cs199-eda/asic_project_sp25/build/syn-rundir
QoS Summary for abr_top
================================================================================
Metric                          final          
================================================================================
Slack (ps):                         6
  R2R (ps):                         6
  I2R (ps):                  no_value
  R2O (ps):                  no_value
  I2O (ps):                  no_value
  CG  (ps):                  no_value
TNS (ps):                           0
  R2R (ps):                         0
  I2R (ps):                  no_value
  R2O (ps):                  no_value
  I2O (ps):                  no_value
  CG  (ps):                  no_value
Failing Paths:                      0
Cell Area:                 15,728,955
Total Cell Area:           15,728,955
Leaf Instances:               805,192
Total Instances:              805,192
Utilization (%):                 0.00
Tot. Net Length (um):        no_value
Avg. Net Length (um):        no_value
Route Overflow H (%):        no_value
Route Overflow V (%):        no_value
MBCI(%) (bits/gate) :            0.00
Norm Cong Hotspot Area:
  Max Cong:                  no_value
  Tot Cong:                  no_value
================================================================================
CPU  Runtime (h:m:s):        02:46:40
Real Runtime (h:m:s):        01:07:13
CPU  Elapsed (h:m:s):        02:48:02
Real Elapsed (h:m:s):        01:08:04
Memory (MB):                  5300.90
================================================================================
================================================================================
Flow Settings:
================================================================================
Total Runtime (h:m:s): 01:08:02
Total Memory (MB):     5300.90
Executable Version:    22.11-s104_1
================================================================================
Total Cell Area =  Cell Area + Physical Cell Area
Total Instances =  Leaf Instances + Physical Instances


