============================================================
  Generated by:           Genus(TM) Synthesis Solution 22.11-s104_1
  Generated on:           Dec 03 2025  07:14:57 pm
  Module:                 abr_top
  Library domain:         ss_100C_1v60.setup_cond
    Domain index:         0
    Technology libraries: sky130_ss_1.62_125 1.0
                          sram22_512x32m4w32 1.0
                          sram22_64x32m4w32 1.0
                          sram22_512x64m4w8 1.0
                          sram22_512x32m4w8 1.0
                          sram22_64x24m4w24 1.0
                          sram22_256x32m4w8 1.0
                          sram22_64x4m4w2 1.0
                          sram22_2048x32m8w8 1.0
                          sram22_1024x32m8w32 1.0
                          sram22_1024x32m8w8 1.0
                          sram22_64x32m4w8 1.0
  Operating conditions:   ss_1.62_125 
  Interconnect mode:      global
  Area mode:              physical library
============================================================

Timing
--------

     Analysis view      Clock  Period 
--------------------------------------
ss_100C_1v60.setup_view clk   20000.0 


        Analysis          Cost   Critical        Violating 
          View           Group  Path Slack  TNS    Paths   
-----------------------------------------------------------
ss_100C_1v60.setup_view     clk        6.1  0.0          0 
                        default   No paths  0.0          0 
-----------------------------------------------------------
Total                                      -0.0          0 
                                                           

Instance Count
--------------
Leaf Instance Count             805192 
Physical Instance count              0 
Sequential Instance Count       248949 
Combinational Instance Count    556243 
Hierarchical Instance Count       3205 

Area
----
Cell Area                          15728955.334
Physical Cell Area                 0.000
Total Cell Area (Cell+Physical)    15728955.334
Net Area                           15500207.618
Total Area (Cell+Physical+Net)     31229162.952

Runtime                            2152.792268 seconds
Elapsed Runtime                    4081 seconds
Genus peak memory usage            5300.90 
Innovus peak memory usage          no_value 
Hostname                           eda-1.EECS.Berkeley.EDU
